Arguments: 
  /Users/declanandrew/.nvm/versions/node/v14.4.0/bin/node /Users/declanandrew/.nvm/versions/node/v14.4.0/bin/yarn start

PATH: 
  /Users/declanandrew/.nvm/versions/node/v14.4.0/bin:/usr/local/bin:/usr/bin:/bin:/usr/sbin:/sbin:/Library/Apple/usr/bin:/Users/declanandrew/.nvm/versions/node/v14.4.0/bin:/Users/declanandrew/Library/Android/sdk/platform-tools:/Users/declanandrew/Library/Android/sdk/platform-tools

Yarn version: 
  1.22.4

Node version: 
  14.4.0

Platform: 
  darwin x64

Trace: 
  SyntaxError: /Users/declanandrew/Desktop/practice/typescript/package.json: Unexpected token } in JSON at position 190
      at JSON.parse (<anonymous>)
      at /Users/declanandrew/.nvm/versions/node/v14.4.0/lib/node_modules/yarn/lib/cli.js:1625:59
      at Generator.next (<anonymous>)
      at step (/Users/declanandrew/.nvm/versions/node/v14.4.0/lib/node_modules/yarn/lib/cli.js:310:30)
      at /Users/declanandrew/.nvm/versions/node/v14.4.0/lib/node_modules/yarn/lib/cli.js:321:13

npm manifest: 
  {
    "name": "typescript",
    "version": "1.0.0",
    "main": "index.js",
    "license": "MIT",
    "dependencies": {
      "typescript": "^3.9.5"
    },
    "scripts": {
      "start" : "node index.js",
    }
  }

yarn manifest: 
  No manifest

Lockfile: 
  # THIS IS AN AUTOGENERATED FILE. DO NOT EDIT THIS FILE DIRECTLY.
  # yarn lockfile v1
  
  
  typescript@^3.9.5:
    version "3.9.5"
    resolved "https://registry.yarnpkg.com/typescript/-/typescript-3.9.5.tgz#586f0dba300cde8be52dd1ac4f7e1009c1b13f36"
    integrity sha512-hSAifV3k+i6lEoCJ2k6R2Z/rp/H3+8sdmcn5NrS3/3kE7+RyZXm9aqvxWqjEXHAd8b0pShatpcdMTvEdvAJltQ==
